# JRE version: OpenJDK Runtime Environment GraalVM CE 22.3.0 (17.0.5+8) (build 17.0.5+8-jvmci-22.3-b08)
# Java VM: OpenJDK 64-Bit Server VM GraalVM CE 22.3.0 (17.0.5+8-jvmci-22.3-b08, mixed mode, sharing, tiered, jvmci, jvmci compiler, compressed oops, compressed class ptrs, parallel gc, linux-amd64)
GC Precious Log:
 CPUs: 8 total, 1 available
 Memory: 1024M
 Large Page Support: Disabled
 NUMA Support: Disabled
 Compressed Oops: Enabled (32-bit)
 Alignments: Space 512K, Generation 512K, Heap 2M
 Heap Min Capacity: 100M
 Heap Initial Capacity: 100M
 Heap Max Capacity: 512M
 Pre-touch: Disabled
 Parallel Workers: 1
Heap:
 PSYoungGen      total 47616K, used 29183K [0x00000000f5580000, 0x00000000f9980000, 0x0000000100000000)
  eden space 29184K, 99% used [0x00000000f5580000,0x00000000f71ffff0,0x00000000f7200000)
  from space 18432K, 0% used [0x00000000f8600000,0x00000000f8600000,0x00000000f9800000)
  to   space 19456K, 0% used [0x00000000f7200000,0x00000000f7200000,0x00000000f8500000)
 ParOldGen       total 349696K, used 349695K [0x00000000e0000000, 0x00000000f5580000, 0x00000000f5580000)
  object space 349696K, 99% used [0x00000000e0000000,0x00000000f557fff0,0x00000000f5580000)
 Metaspace       used 57907K, committed 58752K, reserved 1105920K
  class space    used 5576K, committed 5952K, reserved 1048576K
GC Heap History (20 events):
Event: 1154.998 GC heap before
{Heap before GC invocations=950 (full 875):
 PSYoungGen      total 47616K, used 29183K [0x00000000f5580000, 0x00000000f9980000, 0x0000000100000000)
  eden space 29184K, 99% used [0x00000000f5580000,0x00000000f71ffff8,0x00000000f7200000)
  from space 18432K, 0% used [0x00000000f8600000,0x00000000f8600000,0x00000000f9800000)
  to   space 19456K, 0% used [0x00000000f7200000,0x00000000f7200000,0x00000000f8500000)
 ParOldGen       total 349696K, used 349691K [0x00000000e0000000, 0x00000000f5580000, 0x00000000f5580000)
  object space 349696K, 99% used [0x00000000e0000000,0x00000000f557ed78,0x00000000f5580000)
 Metaspace       used 57907K, committed 58752K, reserved 1105920K
  class space    used 5576K, committed 5952K, reserved 1048576K
}
Event: 1156.167 GC heap after
{Heap after GC invocations=950 (full 875):
 PSYoungGen      total 48640K, used 29183K [0x00000000f5580000, 0x00000000f9980000, 0x0000000100000000)
  eden space 29184K, 99% used [0x00000000f5580000,0x00000000f71ffff8,0x00000000f7200000)
  from space 19456K, 0% used [0x00000000f7200000,0x00000000f7200000,0x00000000f8500000)
  to   space 18432K, 0% used [0x00000000f8600000,0x00000000f8600000,0x00000000f9800000)
 ParOldGen       total 349696K, used 349691K [0x00000000e0000000, 0x00000000f5580000, 0x00000000f5580000)
  object space 349696K, 99% used [0x00000000e0000000,0x00000000f557ed78,0x00000000f5580000)
 Metaspace       used 57907K, committed 58752K, reserved 1105920K
  class space    used 5576K, committed 5952K, reserved 1048576K
}
Event: 1156.177 GC heap before
{Heap before GC invocations=951 (full 876):
 PSYoungGen      total 48640K, used 29183K [0x00000000f5580000, 0x00000000f9980000, 0x0000000100000000)
  eden space 29184K, 99% used [0x00000000f5580000,0x00000000f71ffff8,0x00000000f7200000)
  from space 19456K, 0% used [0x00000000f7200000,0x00000000f7200000,0x00000000f8500000)
  to   space 18432K, 0% used [0x00000000f8600000,0x00000000f8600000,0x00000000f9800000)
 ParOldGen       total 349696K, used 349693K [0x00000000e0000000, 0x00000000f5580000, 0x00000000f5580000)
  object space 349696K, 99% used [0x00000000e0000000,0x00000000f557f648,0x00000000f5580000)
 Metaspace       used 57907K, committed 58752K, reserved 1105920K
  class space    used 5576K, committed 5952K, reserved 1048576K
}
Event: 1157.489 GC heap after
{Heap after GC invocations=951 (full 876):
 PSYoungGen      total 47616K, used 29183K [0x00000000f5580000, 0x00000000f9980000, 0x0000000100000000)
  eden space 29184K, 99% used [0x00000000f5580000,0x00000000f71ffe68,0x00000000f7200000)
  from space 18432K, 0% used [0x00000000f8600000,0x00000000f8600000,0x00000000f9800000)
  to   space 19456K, 0% used [0x00000000f7200000,0x00000000f7200000,0x00000000f8500000)
 ParOldGen       total 349696K, used 349693K [0x00000000e0000000, 0x00000000f5580000, 0x00000000f5580000)
  object space 349696K, 99% used [0x00000000e0000000,0x00000000f557f648,0x00000000f5580000)
 Metaspace       used 57907K, committed 58752K, reserved 1105920K
  class space    used 5576K, committed 5952K, reserved 1048576K
}
Event: 1157.490 GC heap before
{Heap before GC invocations=952 (full 877):
 PSYoungGen      total 47616K, used 29183K [0x00000000f5580000, 0x00000000f9980000, 0x0000000100000000)
  eden space 29184K, 99% used [0x00000000f5580000,0x00000000f71fffe8,0x00000000f7200000)
  from space 18432K, 0% used [0x00000000f8600000,0x00000000f8600000,0x00000000f9800000)
  to   space 19456K, 0% used [0x00000000f7200000,0x00000000f7200000,0x00000000f8500000)
 ParOldGen       total 349696K, used 349693K [0x00000000e0000000, 0x00000000f5580000, 0x00000000f5580000)
  object space 349696K, 99% used [0x00000000e0000000,0x00000000f557f648,0x00000000f5580000)
 Metaspace       used 57907K, committed 58752K, reserved 1105920K
  class space    used 5576K, committed 5952K, reserved 1048576K
}
Event: 1158.733 GC heap after
{Heap after GC invocations=952 (full 877):
 PSYoungGen      total 48640K, used 29183K [0x00000000f5580000, 0x00000000f9980000, 0x0000000100000000)
  eden space 29184K, 99% used [0x00000000f5580000,0x00000000f71fff88,0x00000000f7200000)
  from space 19456K, 0% used [0x00000000f7200000,0x00000000f7200000,0x00000000f8500000)
  to   space 18432K, 0% used [0x00000000f8600000,0x00000000f8600000,0x00000000f9800000)
 ParOldGen       total 349696K, used 349693K [0x00000000e0000000, 0x00000000f5580000, 0x00000000f5580000)
  object space 349696K, 99% used [0x00000000e0000000,0x00000000f557f648,0x00000000f5580000)
 Metaspace       used 57907K, committed 58752K, reserved 1105920K
  class space    used 5576K, committed 5952K, reserved 1048576K
}
Event: 1158.734 GC heap before
{Heap before GC invocations=953 (full 878):
 PSYoungGen      total 48640K, used 29183K [0x00000000f5580000, 0x00000000f9980000, 0x0000000100000000)
  eden space 29184K, 99% used [0x00000000f5580000,0x00000000f71ffff0,0x00000000f7200000)
  from space 19456K, 0% used [0x00000000f7200000,0x00000000f7200000,0x00000000f8500000)
  to   space 18432K, 0% used [0x00000000f8600000,0x00000000f8600000,0x00000000f9800000)
 ParOldGen       total 349696K, used 349693K [0x00000000e0000000, 0x00000000f5580000, 0x00000000f5580000)
  object space 349696K, 99% used [0x00000000e0000000,0x00000000f557f648,0x00000000f5580000)
 Metaspace       used 57907K, committed 58752K, reserved 1105920K
  class space    used 5576K, committed 5952K, reserved 1048576K
}
Event: 1160.180 GC heap after
{Heap after GC invocations=953 (full 878):
 PSYoungGen      total 47616K, used 29183K [0x00000000f5580000, 0x00000000f9980000, 0x0000000100000000)
  eden space 29184K, 99% used [0x00000000f5580000,0x00000000f71fffc0,0x00000000f7200000)
  from space 18432K, 0% used [0x00000000f8600000,0x00000000f8600000,0x00000000f9800000)
  to   space 19456K, 0% used [0x00000000f7200000,0x00000000f7200000,0x00000000f8500000)
 ParOldGen       total 349696K, used 349693K [0x00000000e0000000, 0x00000000f5580000, 0x00000000f5580000)
  object space 349696K, 99% used [0x00000000e0000000,0x00000000f557f648,0x00000000f5580000)
 Metaspace       used 57907K, committed 58752K, reserved 1105920K
  class space    used 5576K, committed 5952K, reserved 1048576K
}
Event: 1160.180 GC heap before
{Heap before GC invocations=954 (full 879):
 PSYoungGen      total 47616K, used 29183K [0x00000000f5580000, 0x00000000f9980000, 0x0000000100000000)
  eden space 29184K, 99% used [0x00000000f5580000,0x00000000f71ffff0,0x00000000f7200000)
  from space 18432K, 0% used [0x00000000f8600000,0x00000000f8600000,0x00000000f9800000)
  to   space 19456K, 0% used [0x00000000f7200000,0x00000000f7200000,0x00000000f8500000)
 ParOldGen       total 349696K, used 349693K [0x00000000e0000000, 0x00000000f5580000, 0x00000000f5580000)
  object space 349696K, 99% used [0x00000000e0000000,0x00000000f557f648,0x00000000f5580000)
 Metaspace       used 57907K, committed 58752K, reserved 1105920K
  class space    used 5576K, committed 5952K, reserved 1048576K
}
Event: 1161.631 GC heap after
{Heap after GC invocations=954 (full 879):
 PSYoungGen      total 48640K, used 29183K [0x00000000f5580000, 0x00000000f9980000, 0x0000000100000000)
  eden space 29184K, 99% used [0x00000000f5580000,0x00000000f71ffff0,0x00000000f7200000)
  from space 19456K, 0% used [0x00000000f7200000,0x00000000f7200000,0x00000000f8500000)
  to   space 18432K, 0% used [0x00000000f8600000,0x00000000f8600000,0x00000000f9800000)
 ParOldGen       total 349696K, used 349693K [0x00000000e0000000, 0x00000000f5580000, 0x00000000f5580000)
  object space 349696K, 99% used [0x00000000e0000000,0x00000000f557f648,0x00000000f5580000)
 Metaspace       used 57907K, committed 58752K, reserved 1105920K
  class space    used 5576K, committed 5952K, reserved 1048576K
}
Event: 1161.635 GC heap before
{Heap before GC invocations=955 (full 880):
 PSYoungGen      total 48640K, used 29184K [0x00000000f5580000, 0x00000000f9980000, 0x0000000100000000)
  eden space 29184K, 100% used [0x00000000f5580000,0x00000000f7200000,0x00000000f7200000)
  from space 19456K, 0% used [0x00000000f7200000,0x00000000f7200000,0x00000000f8500000)
  to   space 18432K, 0% used [0x00000000f8600000,0x00000000f8600000,0x00000000f9800000)
 ParOldGen       total 349696K, used 349695K [0x00000000e0000000, 0x00000000f5580000, 0x00000000f5580000)
  object space 349696K, 99% used [0x00000000e0000000,0x00000000f557fea8,0x00000000f5580000)
 Metaspace       used 57907K, committed 58752K, reserved 1105920K
  class space    used 5576K, committed 5952K, reserved 1048576K
}
Event: 1162.889 GC heap after
{Heap after GC invocations=955 (full 880):
 PSYoungGen      total 47616K, used 29183K [0x00000000f5580000, 0x00000000f9980000, 0x0000000100000000)
  eden space 29184K, 99% used [0x00000000f5580000,0x00000000f71ffe10,0x00000000f7200000)
  from space 18432K, 0% used [0x00000000f8600000,0x00000000f8600000,0x00000000f9800000)
  to   space 19456K, 0% used [0x00000000f7200000,0x00000000f7200000,0x00000000f8500000)
 ParOldGen       total 349696K, used 349695K [0x00000000e0000000, 0x00000000f5580000, 0x00000000f5580000)
  object space 349696K, 99% used [0x00000000e0000000,0x00000000f557fe88,0x00000000f5580000)
 Metaspace       used 57907K, committed 58752K, reserved 1105920K
  class space    used 5576K, committed 5952K, reserved 1048576K
}
Event: 1162.889 GC heap before
{Heap before GC invocations=956 (full 881):
 PSYoungGen      total 47616K, used 29184K [0x00000000f5580000, 0x00000000f9980000, 0x0000000100000000)
  eden space 29184K, 100% used [0x00000000f5580000,0x00000000f7200000,0x00000000f7200000)
  from space 18432K, 0% used [0x00000000f8600000,0x00000000f8600000,0x00000000f9800000)
  to   space 19456K, 0% used [0x00000000f7200000,0x00000000f7200000,0x00000000f8500000)
 ParOldGen       total 349696K, used 349695K [0x00000000e0000000, 0x00000000f5580000, 0x00000000f5580000)
  object space 349696K, 99% used [0x00000000e0000000,0x00000000f557fe88,0x00000000f5580000)
 Metaspace       used 57907K, committed 58752K, reserved 1105920K
  class space    used 5576K, committed 5952K, reserved 1048576K
}
Event: 1163.911 GC heap after
{Heap after GC invocations=956 (full 881):
 PSYoungGen      total 48640K, used 29183K [0x00000000f5580000, 0x00000000f9980000, 0x0000000100000000)
  eden space 29184K, 99% used [0x00000000f5580000,0x00000000f71ffe70,0x00000000f7200000)
  from space 19456K, 0% used [0x00000000f7200000,0x00000000f7200000,0x00000000f8500000)
  to   space 18432K, 0% used [0x00000000f8600000,0x00000000f8600000,0x00000000f9800000)
 ParOldGen       total 349696K, used 349695K [0x00000000e0000000, 0x00000000f5580000, 0x00000000f5580000)
  object space 349696K, 99% used [0x00000000e0000000,0x00000000f557fe88,0x00000000f5580000)
 Metaspace       used 57907K, committed 58752K, reserved 1105920K
  class space    used 5576K, committed 5952K, reserved 1048576K
}
Event: 1163.912 GC heap before
{Heap before GC invocations=957 (full 882):
 PSYoungGen      total 48640K, used 29184K [0x00000000f5580000, 0x00000000f9980000, 0x0000000100000000)
  eden space 29184K, 100% used [0x00000000f5580000,0x00000000f7200000,0x00000000f7200000)
  from space 19456K, 0% used [0x00000000f7200000,0x00000000f7200000,0x00000000f8500000)
  to   space 18432K, 0% used [0x00000000f8600000,0x00000000f8600000,0x00000000f9800000)
 ParOldGen       total 349696K, used 349695K [0x00000000e0000000, 0x00000000f5580000, 0x00000000f5580000)
  object space 349696K, 99% used [0x00000000e0000000,0x00000000f557fe88,0x00000000f5580000)
 Metaspace       used 57907K, committed 58752K, reserved 1105920K
  class space    used 5576K, committed 5952K, reserved 1048576K
}
Event: 1165.013 GC heap after
{Heap after GC invocations=957 (full 882):
 PSYoungGen      total 47616K, used 29183K [0x00000000f5580000, 0x00000000f9980000, 0x0000000100000000)
  eden space 29184K, 99% used [0x00000000f5580000,0x00000000f71ffe70,0x00000000f7200000)
  from space 18432K, 0% used [0x00000000f8600000,0x00000000f8600000,0x00000000f9800000)
  to   space 19456K, 0% used [0x00000000f7200000,0x00000000f7200000,0x00000000f8500000)
 ParOldGen       total 349696K, used 349695K [0x00000000e0000000, 0x00000000f5580000, 0x00000000f5580000)
  object space 349696K, 99% used [0x00000000e0000000,0x00000000f557fe88,0x00000000f5580000)
 Metaspace       used 57907K, committed 58752K, reserved 1105920K
  class space    used 5576K, committed 5952K, reserved 1048576K
}
Event: 1165.014 GC heap before
{Heap before GC invocations=958 (full 883):
 PSYoungGen      total 47616K, used 29183K [0x00000000f5580000, 0x00000000f9980000, 0x0000000100000000)
  eden space 29184K, 99% used [0x00000000f5580000,0x00000000f71ffff0,0x00000000f7200000)
  from space 18432K, 0% used [0x00000000f8600000,0x00000000f8600000,0x00000000f9800000)
  to   space 19456K, 0% used [0x00000000f7200000,0x00000000f7200000,0x00000000f8500000)
 ParOldGen       total 349696K, used 349695K [0x00000000e0000000, 0x00000000f5580000, 0x00000000f5580000)
  object space 349696K, 99% used [0x00000000e0000000,0x00000000f557fe88,0x00000000f5580000)
 Metaspace       used 57907K, committed 58752K, reserved 1105920K
  class space    used 5576K, committed 5952K, reserved 1048576K
}
Event: 1166.100 GC heap after
{Heap after GC invocations=958 (full 883):
 PSYoungGen      total 48640K, used 29183K [0x00000000f5580000, 0x00000000f9980000, 0x0000000100000000)
  eden space 29184K, 99% used [0x00000000f5580000,0x00000000f71fff90,0x00000000f7200000)
  from space 19456K, 0% used [0x00000000f7200000,0x00000000f7200000,0x00000000f8500000)
  to   space 18432K, 0% used [0x00000000f8600000,0x00000000f8600000,0x00000000f9800000)
 ParOldGen       total 349696K, used 349695K [0x00000000e0000000, 0x00000000f5580000, 0x00000000f5580000)
  object space 349696K, 99% used [0x00000000e0000000,0x00000000f557fe88,0x00000000f5580000)
 Metaspace       used 57907K, committed 58752K, reserved 1105920K
  class space    used 5576K, committed 5952K, reserved 1048576K
}
Event: 1166.100 GC heap before
{Heap before GC invocations=959 (full 884):
 PSYoungGen      total 48640K, used 29183K [0x00000000f5580000, 0x00000000f9980000, 0x0000000100000000)
  eden space 29184K, 99% used [0x00000000f5580000,0x00000000f71fff90,0x00000000f7200000)
  from space 19456K, 0% used [0x00000000f7200000,0x00000000f7200000,0x00000000f8500000)
  to   space 18432K, 0% used [0x00000000f8600000,0x00000000f8600000,0x00000000f9800000)
 ParOldGen       total 349696K, used 349695K [0x00000000e0000000, 0x00000000f5580000, 0x00000000f5580000)
  object space 349696K, 99% used [0x00000000e0000000,0x00000000f557fe88,0x00000000f5580000)
 Metaspace       used 57907K, committed 58752K, reserved 1105920K
  class space    used 5576K, committed 5952K, reserved 1048576K
}
Event: 1167.133 GC heap after
{Heap after GC invocations=959 (full 884):
 PSYoungGen      total 47616K, used 29183K [0x00000000f5580000, 0x00000000f9980000, 0x0000000100000000)
  eden space 29184K, 99% used [0x00000000f5580000,0x00000000f71fff90,0x00000000f7200000)
  from space 18432K, 0% used [0x00000000f8600000,0x00000000f8600000,0x00000000f9800000)
  to   space 19456K, 0% used [0x00000000f7200000,0x00000000f7200000,0x00000000f8500000)
 ParOldGen       total 349696K, used 349695K [0x00000000e0000000, 0x00000000f5580000, 0x00000000f5580000)
  object space 349696K, 99% used [0x00000000e0000000,0x00000000f557fe88,0x00000000f5580000)
 Metaspace       used 57907K, committed 58752K, reserved 1105920K
  class space    used 5576K, committed 5952K, reserved 1048576K
}

